  Test_MyFactory.cpp
d:\documents\visual studio 2012\projects\engine\engine\myfactory.h(58): error C2872: “shared_ptr”: 不明确的符号
          可能是“d:\常用软件\vs2012\vc\include\memory(474) : std::shared_ptr”
          或       “d:\常用软件\vs2012\vc\boost\boost\smart_ptr\shared_ptr.hpp(329) : boost::shared_ptr”
d:\documents\visual studio 2012\projects\engine\unittest_of_engine\test_myfactory.cpp(21): error C2039: “CreatePolygon2D”: 不是“MyFactory”的成员
          d:\documents\visual studio 2012\projects\engine\engine\myfactory.h(12) : 参见“MyFactory”的声明
d:\documents\visual studio 2012\projects\engine\unittest_of_engine\test_myfactory.cpp(24): error C2039: “pc”: 不是“Polygon2DType”的成员
          d:\documents\visual studio 2012\projects\engine\engine\graphtype.h(52) : 参见“Polygon2DType”的声明
d:\documents\visual studio 2012\projects\engine\unittest_of_engine\test_myfactory.cpp(24): error C2228: “.x”的左边必须有类/结构/联合
d:\documents\visual studio 2012\projects\engine\unittest_of_engine\test_myfactory.cpp(24): error C2780: “bool boost::test_tools::tt_detail::check_frwd(Pred,const boost::unit_test::lazy_ostream &,boost::test_tools::const_string,size_t,boost::test_tools::tt_detail::tool_level,boost::test_tools::tt_detail::check_type,const Arg0 &,const char *,const Arg1 &,const char *,const Arg2 &,const char *,const Arg3 &,const char *,const Arg4 &,const char *)”: 应输入 16 个参数，却提供了 12 个
          d:\常用软件\vs2012\vc\boost\boost\test\test_tools.hpp(523) : 参见“boost::test_tools::tt_detail::check_frwd”的声明
d:\documents\visual studio 2012\projects\engine\unittest_of_engine\test_myfactory.cpp(24): error C2780: “bool boost::test_tools::tt_detail::check_frwd(Pred,const boost::unit_test::lazy_ostream &,boost::test_tools::const_string,size_t,boost::test_tools::tt_detail::tool_level,boost::test_tools::tt_detail::check_type,const Arg0 &,const char *,const Arg1 &,const char *,const Arg2 &,const char *,const Arg3 &,const char *)”: 应输入 14 个参数，却提供了 12 个
          d:\常用软件\vs2012\vc\boost\boost\test\test_tools.hpp(523) : 参见“boost::test_tools::tt_detail::check_frwd”的声明
d:\documents\visual studio 2012\projects\engine\unittest_of_engine\test_myfactory.cpp(24): error C2780: “bool boost::test_tools::tt_detail::check_frwd(Pred,const boost::unit_test::lazy_ostream &,boost::test_tools::const_string,size_t,boost::test_tools::tt_detail::tool_level,boost::test_tools::tt_detail::check_type,const Arg0 &,const char *,const Arg1 &,const char *)”: 应输入 10 个参数，却提供了 12 个
          d:\常用软件\vs2012\vc\boost\boost\test\test_tools.hpp(523) : 参见“boost::test_tools::tt_detail::check_frwd”的声明
d:\documents\visual studio 2012\projects\engine\unittest_of_engine\test_myfactory.cpp(24): error C2780: “bool boost::test_tools::tt_detail::check_frwd(Pred,const boost::unit_test::lazy_ostream &,boost::test_tools::const_string,size_t,boost::test_tools::tt_detail::tool_level,boost::test_tools::tt_detail::check_type,const Arg0 &,const char *)”: 应输入 8 个参数，却提供了 12 个
          d:\常用软件\vs2012\vc\boost\boost\test\test_tools.hpp(523) : 参见“boost::test_tools::tt_detail::check_frwd”的声明
d:\documents\visual studio 2012\projects\engine\unittest_of_engine\test_myfactory.cpp(25): error C2039: “pc”: 不是“Polygon2DType”的成员
          d:\documents\visual studio 2012\projects\engine\engine\graphtype.h(52) : 参见“Polygon2DType”的声明
d:\documents\visual studio 2012\projects\engine\unittest_of_engine\test_myfactory.cpp(25): error C2228: “.y”的左边必须有类/结构/联合
d:\documents\visual studio 2012\projects\engine\unittest_of_engine\test_myfactory.cpp(25): error C2780: “bool boost::test_tools::tt_detail::check_frwd(Pred,const boost::unit_test::lazy_ostream &,boost::test_tools::const_string,size_t,boost::test_tools::tt_detail::tool_level,boost::test_tools::tt_detail::check_type,const Arg0 &,const char *,const Arg1 &,const char *,const Arg2 &,const char *,const Arg3 &,const char *,const Arg4 &,const char *)”: 应输入 16 个参数，却提供了 12 个
          d:\常用软件\vs2012\vc\boost\boost\test\test_tools.hpp(523) : 参见“boost::test_tools::tt_detail::check_frwd”的声明
d:\documents\visual studio 2012\projects\engine\unittest_of_engine\test_myfactory.cpp(25): error C2780: “bool boost::test_tools::tt_detail::check_frwd(Pred,const boost::unit_test::lazy_ostream &,boost::test_tools::const_string,size_t,boost::test_tools::tt_detail::tool_level,boost::test_tools::tt_detail::check_type,const Arg0 &,const char *,const Arg1 &,const char *,const Arg2 &,const char *,const Arg3 &,const char *)”: 应输入 14 个参数，却提供了 12 个
          d:\常用软件\vs2012\vc\boost\boost\test\test_tools.hpp(523) : 参见“boost::test_tools::tt_detail::check_frwd”的声明
d:\documents\visual studio 2012\projects\engine\unittest_of_engine\test_myfactory.cpp(25): error C2780: “bool boost::test_tools::tt_detail::check_frwd(Pred,const boost::unit_test::lazy_ostream &,boost::test_tools::const_string,size_t,boost::test_tools::tt_detail::tool_level,boost::test_tools::tt_detail::check_type,const Arg0 &,const char *,const Arg1 &,const char *)”: 应输入 10 个参数，却提供了 12 个
          d:\常用软件\vs2012\vc\boost\boost\test\test_tools.hpp(523) : 参见“boost::test_tools::tt_detail::check_frwd”的声明
d:\documents\visual studio 2012\projects\engine\unittest_of_engine\test_myfactory.cpp(25): error C2780: “bool boost::test_tools::tt_detail::check_frwd(Pred,const boost::unit_test::lazy_ostream &,boost::test_tools::const_string,size_t,boost::test_tools::tt_detail::tool_level,boost::test_tools::tt_detail::check_type,const Arg0 &,const char *)”: 应输入 8 个参数，却提供了 12 个
          d:\常用软件\vs2012\vc\boost\boost\test\test_tools.hpp(523) : 参见“boost::test_tools::tt_detail::check_frwd”的声明
  Test_Matrix3x3.cpp
d:\documents\visual studio 2012\projects\engine\engine\myfactory.h(58): error C2872: “shared_ptr”: 不明确的符号
          可能是“d:\常用软件\vs2012\vc\include\memory(474) : std::shared_ptr”
          或       “d:\常用软件\vs2012\vc\boost\boost\smart_ptr\shared_ptr.hpp(329) : boost::shared_ptr”
  Test_RectangleClipFilter.cpp
  Test_Main.cpp
  RectangleClipFilter.cpp
  MyFactory.cpp
  Matrix3x3.cpp
  正在生成代码...
